<?xml version="1.0" encoding="UTF-8"?>
<testng-results ignored="0" total="2" passed="2" failed="0" skipped="0">
  <reporter-output>
  </reporter-output>
  <suite started-at="2026-03-07T16:28:25 IST" name="Default suite" finished-at="2026-03-07T16:28:32 IST" duration-ms="6962">
    <groups>
    </groups>
    <test started-at="2026-03-07T16:28:25 IST" name="Default test" finished-at="2026-03-07T16:28:32 IST" duration-ms="6962">
      <class name="Tests.googleTest">
        <test-method signature="test()[pri:0, instance:Tests.googleTest@791cbf87]" started-at="2026-03-07T16:28:25 IST" name="test" finished-at="2026-03-07T16:28:25 IST" duration-ms="8" status="PASS">
          <reporter-output>
          </reporter-output>
        </test-method> <!-- test -->
        <test-method signature="testGoogleTitle()[pri:0, instance:Tests.googleTest@791cbf87]" started-at="2026-03-07T16:28:25 IST" name="testGoogleTitle" finished-at="2026-03-07T16:28:32 IST" duration-ms="6929" status="PASS">
          <reporter-output>
          </reporter-output>
        </test-method> <!-- testGoogleTitle -->
      </class> <!-- Tests.googleTest -->
    </test> <!-- Default test -->
  </suite> <!-- Default suite -->
</testng-results>
