<?xml version="1.0" encoding="UTF-8"?>
<testng-results ignored="0" total="1" passed="1" failed="0" skipped="0">
  <reporter-output>
  </reporter-output>
  <suite started-at="2026-03-05T16:11:25 IST" name="Suite" finished-at="2026-03-05T16:11:31 IST" duration-ms="5838">
    <groups>
    </groups>
    <test started-at="2026-03-05T16:11:25 IST" name="Test" finished-at="2026-03-05T16:11:31 IST" duration-ms="5838">
      <class name="Tests.googleTest">
        <test-method signature="testGoogleTitle()[pri:0, instance:Tests.googleTest@79e2c065]" started-at="2026-03-05T16:11:25 IST" name="testGoogleTitle" finished-at="2026-03-05T16:11:31 IST" duration-ms="5824" status="PASS">
          <reporter-output>
          </reporter-output>
        </test-method> <!-- testGoogleTitle -->
      </class> <!-- Tests.googleTest -->
    </test> <!-- Test -->
  </suite> <!-- Suite -->
</testng-results>
